info: Employee created with id 65193993f35ea819384a959a {"timestamp":"2023-10-01T09:19:16.041Z"}
info: Retrieved all food items {"timestamp":"2023-10-01T09:28:11.778Z"}
warn: Login attempt failed for email: admin1232@gmail.com (User not found) {"timestamp":"2023-10-01T09:58:37.005Z"}
info: Retrieved 7 users from the database {"timestamp":"2023-10-01T10:26:21.219Z"}
info: Retrieved 7 users from the database {"timestamp":"2023-10-01T10:34:25.253Z"}
info: Retrieved 8 users from the database {"timestamp":"2023-10-01T11:22:23.801Z"}
info: Retrieved 8 users from the database {"timestamp":"2023-10-01T11:22:47.526Z"}
info: Retrieved 8 users from the database {"timestamp":"2023-10-01T11:22:48.160Z"}
info: Retrieved 8 users from the database {"timestamp":"2023-10-01T11:22:48.732Z"}
info: Retrieved 8 users from the database {"timestamp":"2023-10-01T11:22:48.949Z"}
info: Retrieved 8 users from the database {"timestamp":"2023-10-01T11:22:49.476Z"}
info: Retrieved 8 users from the database {"timestamp":"2023-10-01T11:22:49.982Z"}
info: Retrieved 8 users from the database {"timestamp":"2023-10-01T11:22:50.123Z"}
info: Retrieved 8 users from the database {"timestamp":"2023-10-01T11:22:50.198Z"}
info: Retrieved 8 users from the database {"timestamp":"2023-10-01T11:22:50.349Z"}
info: Retrieved 8 users from the database {"timestamp":"2023-10-01T11:22:50.414Z"}
info: Retrieved 8 users from the database {"timestamp":"2023-10-01T11:22:50.570Z"}
info: Retrieved 8 users from the database {"timestamp":"2023-10-01T11:22:50.629Z"}
info: Retrieved 8 users from the database {"timestamp":"2023-10-01T11:22:50.794Z"}
info: Retrieved 8 users from the database {"timestamp":"2023-10-01T11:22:50.845Z"}
info: Retrieved 8 users from the database {"timestamp":"2023-10-01T11:22:51.019Z"}
info: Retrieved 8 users from the database {"timestamp":"2023-10-01T11:22:51.075Z"}
info: Retrieved 8 users from the database {"timestamp":"2023-10-01T11:22:51.129Z"}
info: Retrieved 8 users from the database {"timestamp":"2023-10-01T11:22:51.185Z"}
info: Retrieved 8 users from the database {"timestamp":"2023-10-01T11:22:51.221Z"}
info: Retrieved 8 users from the database {"timestamp":"2023-10-01T11:22:51.279Z"}
info: Retrieved 8 users from the database {"timestamp":"2023-10-01T11:22:51.290Z"}
info: Retrieved 8 users from the database {"timestamp":"2023-10-01T11:22:51.292Z"}
info: Retrieved 8 users from the database {"timestamp":"2023-10-01T11:22:51.293Z"}
info: Retrieved 8 users from the database {"timestamp":"2023-10-01T11:22:51.335Z"}
info: Retrieved 8 users from the database {"timestamp":"2023-10-01T11:22:51.339Z"}
info: Retrieved 8 users from the database {"timestamp":"2023-10-01T11:22:51.345Z"}
info: Retrieved 8 users from the database {"timestamp":"2023-10-01T11:22:51.379Z"}
info: Retrieved 8 users from the database {"timestamp":"2023-10-01T11:22:51.430Z"}
info: Retrieved 8 users from the database {"timestamp":"2023-10-01T11:22:51.439Z"}
info: Retrieved 8 users from the database {"timestamp":"2023-10-01T11:22:51.498Z"}
info: Retrieved 8 users from the database {"timestamp":"2023-10-01T11:22:51.505Z"}
info: Retrieved 8 users from the database {"timestamp":"2023-10-01T11:22:51.509Z"}
info: Retrieved 8 users from the database {"timestamp":"2023-10-01T11:22:51.511Z"}
info: Retrieved 8 users from the database {"timestamp":"2023-10-01T11:22:51.545Z"}
info: Retrieved 8 users from the database {"timestamp":"2023-10-01T11:22:51.548Z"}
info: Retrieved 8 users from the database {"timestamp":"2023-10-01T11:22:51.561Z"}
info: Retrieved 8 users from the database {"timestamp":"2023-10-01T11:22:51.597Z"}
info: Retrieved 8 users from the database {"timestamp":"2023-10-01T11:22:51.644Z"}
info: Retrieved 8 users from the database {"timestamp":"2023-10-01T11:22:51.656Z"}
info: Retrieved 8 users from the database {"timestamp":"2023-10-01T11:22:51.719Z"}
info: Retrieved 8 users from the database {"timestamp":"2023-10-01T11:22:51.720Z"}
info: Retrieved 8 users from the database {"timestamp":"2023-10-01T11:22:51.722Z"}
info: Retrieved 8 users from the database {"timestamp":"2023-10-01T11:22:51.725Z"}
info: Retrieved 8 users from the database {"timestamp":"2023-10-01T11:22:51.802Z"}
info: Retrieved 8 users from the database {"timestamp":"2023-10-01T11:22:51.803Z"}
info: Retrieved 8 users from the database {"timestamp":"2023-10-01T11:22:51.805Z"}
info: Retrieved 8 users from the database {"timestamp":"2023-10-01T11:22:51.816Z"}
info: Retrieved 8 users from the database {"timestamp":"2023-10-01T11:22:51.857Z"}
info: Retrieved 8 users from the database {"timestamp":"2023-10-01T11:22:51.873Z"}
info: Retrieved 8 users from the database {"timestamp":"2023-10-01T11:22:51.939Z"}
info: Retrieved 8 users from the database {"timestamp":"2023-10-01T11:22:52.058Z"}
info: Retrieved 8 users from the database {"timestamp":"2023-10-01T11:22:52.254Z"}
info: Retrieved 8 users from the database {"timestamp":"2023-10-01T11:22:52.690Z"}
info: Retrieved 8 users from the database {"timestamp":"2023-10-01T11:22:53.016Z"}
info: Retrieved 8 users from the database {"timestamp":"2023-10-01T11:22:53.486Z"}
info: Retrieved 8 users from the database {"timestamp":"2023-10-01T11:22:53.758Z"}
info: Retrieved 8 users from the database {"timestamp":"2023-10-01T11:22:54.786Z"}
info: Retrieved 8 users from the database {"timestamp":"2023-10-01T11:22:55.314Z"}
info: Retrieved 8 users from the database {"timestamp":"2023-10-01T11:22:55.493Z"}
info: Retrieved 8 users from the database {"timestamp":"2023-10-01T11:22:55.709Z"}
info: Retrieved 8 users from the database {"timestamp":"2023-10-01T11:22:55.868Z"}
info: Retrieved 8 users from the database {"timestamp":"2023-10-01T11:22:56.049Z"}
info: Retrieved 8 users from the database {"timestamp":"2023-10-01T11:22:56.278Z"}
info: Retrieved 8 users from the database {"timestamp":"2023-10-01T11:22:56.412Z"}
info: Retrieved 8 users from the database {"timestamp":"2023-10-01T11:22:56.572Z"}
info: Retrieved 8 users from the database {"timestamp":"2023-10-01T11:22:56.741Z"}
info: Retrieved 8 users from the database {"timestamp":"2023-10-01T11:22:56.956Z"}
info: Retrieved 8 users from the database {"timestamp":"2023-10-01T11:22:57.107Z"}
info: Retrieved 8 users from the database {"timestamp":"2023-10-01T11:22:57.309Z"}
info: Retrieved 8 users from the database {"timestamp":"2023-10-01T11:22:57.480Z"}
info: Retrieved 8 users from the database {"timestamp":"2023-10-01T11:22:57.674Z"}
info: Retrieved 8 users from the database {"timestamp":"2023-10-01T11:22:57.888Z"}
info: Retrieved 8 users from the database {"timestamp":"2023-10-01T11:22:58.076Z"}
info: Retrieved 8 users from the database {"timestamp":"2023-10-01T11:23:31.053Z"}
info: Retrieved 8 users from the database {"timestamp":"2023-10-01T11:26:04.889Z"}
info: Retrieved 8 users from the database {"timestamp":"2023-10-01T11:26:05.726Z"}
info: Retrieved 8 users from the database {"timestamp":"2023-10-01T11:26:06.102Z"}
info: Retrieved 8 users from the database {"timestamp":"2023-10-01T11:26:06.315Z"}
info: Retrieved 8 users from the database {"timestamp":"2023-10-01T11:26:06.526Z"}
info: Retrieved 8 users from the database {"timestamp":"2023-10-01T11:26:07.036Z"}
info: Retrieved 8 users from the database {"timestamp":"2023-10-01T11:26:07.072Z"}
info: Retrieved 8 users from the database {"timestamp":"2023-10-01T11:26:07.106Z"}
info: Retrieved 8 users from the database {"timestamp":"2023-10-01T11:26:07.160Z"}
info: Retrieved 8 users from the database {"timestamp":"2023-10-01T11:26:07.162Z"}
info: Retrieved 8 users from the database {"timestamp":"2023-10-01T11:26:07.206Z"}
info: Retrieved 8 users from the database {"timestamp":"2023-10-01T11:26:07.236Z"}
info: Retrieved 8 users from the database {"timestamp":"2023-10-01T11:26:07.316Z"}
info: Retrieved 8 users from the database {"timestamp":"2023-10-01T11:26:07.318Z"}
info: Retrieved 8 users from the database {"timestamp":"2023-10-01T11:26:07.376Z"}
info: Retrieved 8 users from the database {"timestamp":"2023-10-01T11:26:07.409Z"}
info: Retrieved 8 users from the database {"timestamp":"2023-10-01T11:26:07.433Z"}
info: Retrieved 8 users from the database {"timestamp":"2023-10-01T11:26:07.463Z"}
info: Retrieved 8 users from the database {"timestamp":"2023-10-01T11:26:07.521Z"}
info: Retrieved 8 users from the database {"timestamp":"2023-10-01T11:26:07.527Z"}
info: Retrieved 8 users from the database {"timestamp":"2023-10-01T11:26:07.552Z"}
info: Retrieved 8 users from the database {"timestamp":"2023-10-01T11:26:07.598Z"}
info: Retrieved 8 users from the database {"timestamp":"2023-10-01T11:26:07.680Z"}
info: Retrieved 8 users from the database {"timestamp":"2023-10-01T11:26:07.682Z"}
info: Retrieved 8 users from the database {"timestamp":"2023-10-01T11:26:07.693Z"}
info: Retrieved 8 users from the database {"timestamp":"2023-10-01T11:26:07.728Z"}
info: Retrieved 8 users from the database {"timestamp":"2023-10-01T11:26:07.753Z"}
info: Retrieved 8 users from the database {"timestamp":"2023-10-01T11:26:07.787Z"}
info: Retrieved 8 users from the database {"timestamp":"2023-10-01T11:26:07.825Z"}
info: Retrieved 8 users from the database {"timestamp":"2023-10-01T11:26:07.888Z"}
info: Retrieved 8 users from the database {"timestamp":"2023-10-01T11:26:07.892Z"}
info: Retrieved 8 users from the database {"timestamp":"2023-10-01T11:26:07.929Z"}
info: Retrieved 8 users from the database {"timestamp":"2023-10-01T11:26:07.960Z"}
info: Retrieved 8 users from the database {"timestamp":"2023-10-01T11:26:07.992Z"}
info: Retrieved 8 users from the database {"timestamp":"2023-10-01T11:26:08.046Z"}
info: Retrieved 8 users from the database {"timestamp":"2023-10-01T11:26:08.056Z"}
info: Retrieved 8 users from the database {"timestamp":"2023-10-01T11:26:08.091Z"}
info: Retrieved 8 users from the database {"timestamp":"2023-10-01T11:26:10.485Z"}
info: Retrieved 9 users from the database {"timestamp":"2023-10-02T16:04:55.494Z"}
warn: Login attempt failed for email: admin1232@gmail.com (User not found) {"timestamp":"2023-10-02T16:05:01.625Z"}
info: Retrieved all food items {"timestamp":"2023-10-02T16:05:26.311Z"}
info: Employee created with id 651aea51e0171241a4c99b3f {"timestamp":"2023-10-02T16:05:37.471Z"}
info: Retrieved all employees successfully {"timestamp":"2023-10-02T18:58:55.215Z"}
info: Employee created with id 651b13330f35a74c5cde00b6 {"timestamp":"2023-10-02T19:00:05.445Z"}
info: Retrieved 9 users from the database {"timestamp":"2023-10-02T19:03:38.054Z"}
info: Retrieved all food items {"timestamp":"2023-10-02T19:15:37.450Z"}
info: Created a new food item: 651b180c325af563f4aec796 {"timestamp":"2023-10-02T19:20:45.135Z"}
info: Created a new food item: 651b18dcd43e2c64445890c3 {"timestamp":"2023-10-02T19:24:20.570Z"}
info: Employee created with id 651b194f3afb1816c4cc0439 {"timestamp":"2023-10-02T19:26:07.762Z"}
info: Retrieved all employees successfully {"timestamp":"2023-10-02T19:26:11.455Z"}
